::1 - - [10/Nov/2025:08:34:46 +0000] "GET / HTTP/1.1" 404 20 "-" "Mozilla/5.0 (Windows NT 10.0; Win64; x64) AppleWebKit/537.36 (KHTML, like Gecko) Chrome/141.0.0.0 Safari/537.36"
::1 - - [10/Nov/2025:08:34:50 +0000] "GET / HTTP/1.1" 404 20 "-" "Mozilla/5.0 (Windows NT 10.0; Win64; x64) AppleWebKit/537.36 (KHTML, like Gecko) Chrome/141.0.0.0 Safari/537.36"
::1 - - [11/Nov/2025:01:57:22 +0000] "GET / HTTP/1.1" 200 13 "-" "PostmanRuntime/7.50.0"
::1 - - [11/Nov/2025:02:00:51 +0000] "POST /api/v1/auth/login HTTP/1.1" 200 10 "-" "PostmanRuntime/7.50.0"
::1 - - [11/Nov/2025:02:02:00 +0000] "GET /api/v1/auth/logout HTTP/1.1" 200 11 "-" "PostmanRuntime/7.50.0"
::1 - - [11/Nov/2025:02:02:18 +0000] "GET /api/v1/auth/login HTTP/1.1" 404 20 "-" "PostmanRuntime/7.50.0"
::1 - - [11/Nov/2025:02:02:41 +0000] "POST /api/v1/auth/login HTTP/1.1" 200 10 "-" "PostmanRuntime/7.50.0"
::1 - - [11/Nov/2025:02:02:54 +0000] "POST /api/v1/auth/register HTTP/1.1" 200 13 "-" "PostmanRuntime/7.50.0"
::1 - - [11/Nov/2025:02:13:17 +0000] "POST /api/v1/auth/register HTTP/1.1" 400 74 "-" "PostmanRuntime/7.50.0"
::1 - - [11/Nov/2025:02:13:35 +0000] "POST /api/v1/auth/register HTTP/1.1" 400 74 "-" "PostmanRuntime/7.50.0"
::1 - - [11/Nov/2025:02:16:05 +0000] "POST /api/v1/auth/register HTTP/1.1" 201 138 "-" "PostmanRuntime/7.50.0"
::1 - - [11/Nov/2025:02:17:51 +0000] "POST /api/v1/auth/register HTTP/1.1" 201 59 "-" "PostmanRuntime/7.50.0"
::1 - - [11/Nov/2025:02:18:04 +0000] "POST /api/v1/auth/register HTTP/1.1" 400 78 "-" "PostmanRuntime/7.50.0"
::1 - - [11/Nov/2025:02:18:54 +0000] "POST /api/v1/auth/register HTTP/1.1" 400 78 "-" "PostmanRuntime/7.50.0"
::1 - - [11/Nov/2025:02:22:40 +0000] "POST /api/v1/auth/register HTTP/1.1" 500 30 "-" "PostmanRuntime/7.50.0"
::1 - - [11/Nov/2025:02:23:27 +0000] "POST /api/v1/auth/register HTTP/1.1" 500 30 "-" "PostmanRuntime/7.50.0"
::1 - - [11/Nov/2025:02:30:11 +0000] "POST /api/v1/auth/register HTTP/1.1" 400 30 "-" "PostmanRuntime/7.50.0"
::1 - - [11/Nov/2025:03:03:12 +0000] "POST /api/v1/auth/register HTTP/1.1" 201 60 "-" "PostmanRuntime/7.50.0"
::1 - - [11/Nov/2025:03:05:23 +0000] "POST /api/v1/auth/register HTTP/1.1" 201 60 "-" "PostmanRuntime/7.50.0"
::1 - - [11/Nov/2025:03:05:27 +0000] "POST /api/v1/auth/register HTTP/1.1" 400 30 "-" "PostmanRuntime/7.50.0"
::1 - - [11/Nov/2025:03:05:35 +0000] "POST /api/v1/auth/register HTTP/1.1" 201 62 "-" "PostmanRuntime/7.50.0"
::1 - - [11/Nov/2025:03:35:50 +0000] "POST /api/v1/auth/register HTTP/1.1" 500 46 "-" "PostmanRuntime/7.50.0"
::1 - - [11/Nov/2025:03:36:49 +0000] "POST /api/v1/auth/register HTTP/1.1" 400 30 "-" "PostmanRuntime/7.50.0"
::1 - - [11/Nov/2025:03:36:55 +0000] "POST /api/v1/auth/register HTTP/1.1" 500 46 "-" "PostmanRuntime/7.50.0"
::1 - - [11/Nov/2025:03:38:04 +0000] "POST /api/v1/auth/register HTTP/1.1" 201 466 "-" "PostmanRuntime/7.50.0"
::1 - - [11/Nov/2025:03:41:13 +0000] "POST /api/v1/auth/register HTTP/1.1" 201 319 "-" "PostmanRuntime/7.50.0"
::1 - - [11/Nov/2025:03:41:59 +0000] "POST /api/v1/auth/register HTTP/1.1" 400 30 "-" "PostmanRuntime/7.50.0"
::1 - - [11/Nov/2025:03:42:03 +0000] "POST /api/v1/auth/register HTTP/1.1" 201 305 "-" "PostmanRuntime/7.50.0"
::1 - - [11/Nov/2025:03:42:18 +0000] "POST /api/v1/auth/register HTTP/1.1" 201 305 "-" "PostmanRuntime/7.50.0"
::1 - - [11/Nov/2025:03:47:33 +0000] "POST /api/v1/auth/register HTTP/1.1" 201 305 "-" "PostmanRuntime/7.50.0"
::1 - - [11/Nov/2025:03:55:10 +0000] "POST /api/v1/auth/register HTTP/1.1" 201 77 "-" "PostmanRuntime/7.50.0"
::1 - - [11/Nov/2025:04:10:34 +0000] "POST /api/v1/auth/register HTTP/1.1" 201 77 "-" "PostmanRuntime/7.50.0"
::1 - - [11/Nov/2025:04:41:41 +0000] "POST /api/v1/auth/register HTTP/1.1" 201 77 "-" "PostmanRuntime/7.50.0"
::1 - - [11/Nov/2025:04:42:13 +0000] "POST /api/v1/auth/login HTTP/1.1" 200 77 "-" "PostmanRuntime/7.50.0"
::1 - - [11/Nov/2025:04:42:25 +0000] "POST /api/v1/auth/login HTTP/1.1" 400 29 "-" "PostmanRuntime/7.50.0"
::1 - - [11/Nov/2025:04:42:31 +0000] "POST /api/v1/auth/login HTTP/1.1" 401 29 "-" "PostmanRuntime/7.50.0"
::1 - - [11/Nov/2025:04:42:38 +0000] "POST /api/v1/auth/login HTTP/1.1" 200 77 "-" "PostmanRuntime/7.50.0"
::1 - - [11/Nov/2025:04:42:41 +0000] "POST /api/v1/auth/login HTTP/1.1" 200 77 "-" "PostmanRuntime/7.50.0"
::1 - - [11/Nov/2025:04:42:42 +0000] "POST /api/v1/auth/login HTTP/1.1" 200 77 "-" "PostmanRuntime/7.50.0"
::1 - - [11/Nov/2025:04:46:08 +0000] "GET /api/v1/auth/logout HTTP/1.1" 200 26 "-" "PostmanRuntime/7.50.0"
::1 - - [11/Nov/2025:04:46:12 +0000] "GET /api/v1/auth/logout HTTP/1.1" 200 26 "-" "PostmanRuntime/7.50.0"
::1 - - [11/Nov/2025:04:46:14 +0000] "GET /api/v1/auth/logout HTTP/1.1" 200 26 "-" "PostmanRuntime/7.50.0"
::1 - - [11/Nov/2025:08:58:51 +0000] "POST /api/v1/auth/register HTTP/1.1" 201 77 "-" "PostmanRuntime/7.50.0"
::1 - - [11/Nov/2025:08:59:57 +0000] "POST /api/v1/auth/login HTTP/1.1" 200 78 "-" "PostmanRuntime/7.50.0"
::1 - - [11/Nov/2025:09:00:45 +0000] "GET /api/v1/users HTTP/1.1" 200 13 "-" "PostmanRuntime/7.50.0"
::1 - - [11/Nov/2025:09:14:12 +0000] "GET /api/v1/users HTTP/1.1" 200 12 "-" "PostmanRuntime/7.50.0"
::1 - - [11/Nov/2025:09:14:48 +0000] "POST /api/v1/auth/register HTTP/1.1" 201 75 "-" "PostmanRuntime/7.50.0"
::1 - - [11/Nov/2025:09:14:54 +0000] "GET /api/v1/users HTTP/1.1" 401 43 "-" "PostmanRuntime/7.50.0"
::1 - - [11/Nov/2025:09:15:12 +0000] "POST /api/v1/auth/login HTTP/1.1" 200 78 "-" "PostmanRuntime/7.50.0"
::1 - - [11/Nov/2025:09:15:19 +0000] "GET /api/v1/users HTTP/1.1" 200 112 "-" "PostmanRuntime/7.50.0"
::1 - - [11/Nov/2025:09:32:47 +0000] "POST /api/v1/auth/login HTTP/1.1" 200 78 "-" "PostmanRuntime/7.50.0"
::1 - - [11/Nov/2025:09:33:02 +0000] "GET /api/v1/users/6912facb308933539f9d685e HTTP/1.1" 200 114 "-" "PostmanRuntime/7.50.0"
::1 - - [11/Nov/2025:10:36:31 +0000] "POST /api/v1/auth/login HTTP/1.1" 200 78 "-" "PostmanRuntime/7.50.0"
::1 - - [11/Nov/2025:10:36:38 +0000] "GET /api/v1/users HTTP/1.1" 401 32 "-" "PostmanRuntime/7.50.0"
::1 - - [11/Nov/2025:10:37:10 +0000] "GET /api/v1/users HTTP/1.1" 401 32 "-" "PostmanRuntime/7.50.0"
::1 - - [11/Nov/2025:10:37:21 +0000] "POST /api/v1/auth/register HTTP/1.1" 201 75 "-" "PostmanRuntime/7.50.0"
::1 - - [11/Nov/2025:10:37:57 +0000] "POST /api/v1/auth/login HTTP/1.1" 200 76 "-" "PostmanRuntime/7.50.0"
::1 - - [11/Nov/2025:10:38:02 +0000] "GET /api/v1/users HTTP/1.1" 401 32 "-" "PostmanRuntime/7.50.0"
::1 - - [11/Nov/2025:10:38:06 +0000] "GET /api/v1/users HTTP/1.1" 401 32 "-" "PostmanRuntime/7.50.0"
::1 - - [11/Nov/2025:10:40:01 +0000] "GET /api/v1/users HTTP/1.1" 401 32 "-" "PostmanRuntime/7.50.0"
::1 - - [11/Nov/2025:10:41:10 +0000] "GET /api/v1/users HTTP/1.1" 200 112 "-" "PostmanRuntime/7.50.0"
::1 - - [11/Nov/2025:10:41:48 +0000] "POST /api/v1/auth/register HTTP/1.1" 201 75 "-" "PostmanRuntime/7.50.0"
::1 - - [11/Nov/2025:10:41:54 +0000] "POST /api/v1/auth/login HTTP/1.1" 200 75 "-" "PostmanRuntime/7.50.0"
::1 - - [11/Nov/2025:10:41:59 +0000] "GET /api/v1/users HTTP/1.1" 403 43 "-" "PostmanRuntime/7.50.0"
::1 - - [12/Nov/2025:03:10:17 +0000] "GET /api/v1/users/showMe HTTP/1.1" 200 75 "-" "PostmanRuntime/7.50.0"
::1 - - [12/Nov/2025:03:10:27 +0000] "GET /api/v1/auth/logout HTTP/1.1" 200 26 "-" "PostmanRuntime/7.50.0"
::1 - - [12/Nov/2025:03:10:33 +0000] "GET /api/v1/users/showMe HTTP/1.1" 401 32 "-" "PostmanRuntime/7.50.0"
::1 - - [12/Nov/2025:03:11:19 +0000] "POST /api/v1/auth/login HTTP/1.1" 200 75 "-" "PostmanRuntime/7.50.0"
::1 - - [12/Nov/2025:03:14:00 +0000] "PATCH /api/v1/users/updateUserPassword HTTP/1.1" 200 36 "-" "PostmanRuntime/7.50.0"
::1 - - [12/Nov/2025:03:14:12 +0000] "PATCH /api/v1/users/updateUserPassword HTTP/1.1" 401 29 "-" "PostmanRuntime/7.50.0"
::1 - - [12/Nov/2025:04:29:52 +0000] "GET /api/v1/users/showMe HTTP/1.1" 200 75 "-" "PostmanRuntime/7.50.0"
::1 - - [12/Nov/2025:04:30:07 +0000] "GET /api/v1/users HTTP/1.1" 403 43 "-" "PostmanRuntime/7.50.0"
::1 - - [12/Nov/2025:04:30:21 +0000] "PATCH /api/v1/users/updateUser HTTP/1.1" 500 40 "-" "PostmanRuntime/7.50.0"
::1 - - [12/Nov/2025:04:31:01 +0000] "PATCH /api/v1/users/updateUser HTTP/1.1" 400 39 "-" "PostmanRuntime/7.50.0"
::1 - - [12/Nov/2025:04:31:42 +0000] "PATCH /api/v1/users/updateUser HTTP/1.1" 200 110 "-" "PostmanRuntime/7.50.0"
::1 - - [12/Nov/2025:05:18:41 +0000] "GET /api/v1/products/ HTTP/1.1" 200 16 "-" "PostmanRuntime/7.50.0"
::1 - - [12/Nov/2025:05:18:50 +0000] "GET /api/v1/products/1 HTTP/1.1" 200 18 "-" "PostmanRuntime/7.50.0"
::1 - - [12/Nov/2025:05:19:06 +0000] "POST /api/v1/products/uploadImage HTTP/1.1" 403 43 "-" "PostmanRuntime/7.50.0"
::1 - - [12/Nov/2025:05:19:50 +0000] "DELETE /api/v1/products/1 HTTP/1.1" 403 43 "-" "PostmanRuntime/7.50.0"
::1 - - [12/Nov/2025:05:20:07 +0000] "PATCH /api/v1/products/1 HTTP/1.1" 403 43 "-" "PostmanRuntime/7.50.0"
::1 - - [12/Nov/2025:05:23:58 +0000] "POST /api/v1/auth/register HTTP/1.1" 201 77 "-" "PostmanRuntime/7.50.0"
::1 - - [12/Nov/2025:05:24:28 +0000] "POST /api/v1/auth/login HTTP/1.1" 200 78 "-" "PostmanRuntime/7.50.0"
::1 - - [12/Nov/2025:05:24:43 +0000] "GET /api/v1/products/ HTTP/1.1" 200 16 "-" "PostmanRuntime/7.50.0"
::1 - - [12/Nov/2025:05:24:46 +0000] "GET /api/v1/products/1 HTTP/1.1" 200 18 "-" "PostmanRuntime/7.50.0"
::1 - - [12/Nov/2025:05:24:54 +0000] "POST /api/v1/products/uploadImage HTTP/1.1" 200 12 "-" "PostmanRuntime/7.50.0"
::1 - - [12/Nov/2025:05:25:01 +0000] "DELETE /api/v1/products/1 HTTP/1.1" 200 14 "-" "PostmanRuntime/7.50.0"
::1 - - [12/Nov/2025:05:25:05 +0000] "POST /api/v1/products/1 HTTP/1.1" 404 20 "-" "PostmanRuntime/7.50.0"
::1 - - [12/Nov/2025:05:25:09 +0000] "PATCH /api/v1/products/1 HTTP/1.1" 200 14 "-" "PostmanRuntime/7.50.0"
::1 - - [12/Nov/2025:05:31:20 +0000] "POST /api/v1/products/1 HTTP/1.1" 404 20 "-" "PostmanRuntime/7.50.0"
::1 - - [12/Nov/2025:05:31:55 +0000] "POST /api/v1/products/ HTTP/1.1" 400 135 "-" "PostmanRuntime/7.50.0"
::1 - - [12/Nov/2025:05:33:03 +0000] "POST /api/v1/products/ HTTP/1.1" 400 33 "-" "PostmanRuntime/7.50.0"
::1 - - [12/Nov/2025:05:34:23 +0000] "POST /api/v1/products/ HTTP/1.1" 201 829 "-" "PostmanRuntime/7.50.0"
::1 - - [12/Nov/2025:05:55:53 +0000] "POST /api/v1/products/ HTTP/1.1" 201 829 "-" "PostmanRuntime/7.50.0"
::1 - - [12/Nov/2025:05:56:09 +0000] "POST /api/v1/products/uploadImage HTTP/1.1" 400 26 "-" "PostmanRuntime/7.50.0"
::1 - - [12/Nov/2025:06:04:46 +0000] "POST /api/v1/products/uploadImage? HTTP/1.1" 400 26 "-" "PostmanRuntime/7.50.0"
::1 - - [12/Nov/2025:06:05:23 +0000] "POST /api/v1/products/uploadImage? HTTP/1.1" 400 46 "-" "PostmanRuntime/7.50.0"
::1 - - [12/Nov/2025:06:05:58 +0000] "POST /api/v1/products/uploadImage? HTTP/1.1" 400 46 "-" "PostmanRuntime/7.50.0"
::1 - - [12/Nov/2025:06:06:55 +0000] "POST /api/v1/products/uploadImage? HTTP/1.1" 400 46 "-" "PostmanRuntime/7.50.0"
::1 - - [12/Nov/2025:06:07:17 +0000] "POST /api/v1/products/uploadImage? HTTP/1.1" 200 64 "-" "PostmanRuntime/7.50.0"
::1 - - [12/Nov/2025:06:08:25 +0000] "POST /api/v1/products/uploadImage? HTTP/1.1" 200 53 "-" "PostmanRuntime/7.50.0"
::1 - - [12/Nov/2025:07:34:47 +0000] "DELETE /api/v1/products/1 HTTP/1.1" 404 49 "-" "PostmanRuntime/7.50.0"
::1 - - [14/Nov/2025:12:10:57 +0000] "GET /api/v1/products/1 HTTP/1.1" 404 49 "-" "PostmanRuntime/7.49.1"
::1 - - [14/Nov/2025:12:11:03 +0000] "GET /api/v1/products HTTP/1.1" 200 1650 "-" "PostmanRuntime/7.49.1"
::1 - - [14/Nov/2025:12:11:33 +0000] "GET /api/v1/reviews/1 HTTP/1.1" 200 17 "-" "PostmanRuntime/7.49.1"
::1 - - [14/Nov/2025:12:11:52 +0000] "GET /api/v1/reviews HTTP/1.1" 200 15 "-" "PostmanRuntime/7.49.1"
::1 - - [14/Nov/2025:12:12:38 +0000] "POST /api/v1/reviews HTTP/1.1" 401 32 "-" "PostmanRuntime/7.49.1"
::1 - - [14/Nov/2025:12:13:09 +0000] "PATCH /api/v1/reviews/1 HTTP/1.1" 401 32 "-" "PostmanRuntime/7.49.1"
::1 - - [14/Nov/2025:12:13:32 +0000] "DELETE /api/v1/reviews/1 HTTP/1.1" 401 32 "-" "PostmanRuntime/7.49.1"
::1 - - [14/Nov/2025:12:18:50 +0000] "POST /api/v1/auth/register HTTP/1.1" 400 50 "-" "PostmanRuntime/7.49.1"
::1 - - [14/Nov/2025:12:18:59 +0000] "POST /api/v1/auth/register HTTP/1.1" 400 123 "-" "PostmanRuntime/7.49.1"
::1 - - [14/Nov/2025:12:19:14 +0000] "POST /api/v1/auth/register HTTP/1.1" 201 77 "-" "PostmanRuntime/7.49.1"
::1 - - [14/Nov/2025:12:20:06 +0000] "POST /api/v1/auth/login HTTP/1.1" 400 79 "-" "PostmanRuntime/7.49.1"
::1 - - [14/Nov/2025:12:20:11 +0000] "POST /api/v1/auth/login HTTP/1.1" 200 78 "-" "PostmanRuntime/7.49.1"
::1 - - [14/Nov/2025:12:21:00 +0000] "POST /api/v1/products HTTP/1.1" 400 34 "-" "PostmanRuntime/7.49.1"
::1 - - [14/Nov/2025:12:21:19 +0000] "POST /api/v1/products HTTP/1.1" 400 34 "-" "PostmanRuntime/7.49.1"
::1 - - [14/Nov/2025:12:22:09 +0000] "POST /api/v1/products HTTP/1.1" 400 34 "-" "PostmanRuntime/7.49.1"
::1 - - [14/Nov/2025:12:22:20 +0000] "POST /api/v1/products HTTP/1.1" 400 34 "-" "PostmanRuntime/7.49.1"
::1 - - [14/Nov/2025:12:22:54 +0000] "POST /api/v1/products HTTP/1.1" 201 814 "-" "PostmanRuntime/7.49.1"
::1 - - [14/Nov/2025:12:23:31 +0000] "POST /api/v1/reviews HTTP/1.1" 200 15 "-" "PostmanRuntime/7.49.1"
::1 - - [14/Nov/2025:12:50:02 +0000] "GET /api/v1/products HTTP/1.1" 200 817 "-" "PostmanRuntime/7.49.1"
::1 - - [14/Nov/2025:12:52:13 +0000] "POST /api/v1/reviews HTTP/1.1" 500 32 "-" "PostmanRuntime/7.49.1"
::1 - - [14/Nov/2025:12:53:14 +0000] "POST /api/v1/reviews HTTP/1.1" 500 32 "-" "PostmanRuntime/7.49.1"
::1 - - [14/Nov/2025:12:53:40 +0000] "POST /api/v1/reviews HTTP/1.1" 500 32 "-" "PostmanRuntime/7.49.1"
::1 - - [14/Nov/2025:12:54:07 +0000] "POST /api/v1/reviews HTTP/1.1" 500 32 "-" "PostmanRuntime/7.49.1"
::1 - - [14/Nov/2025:12:54:35 +0000] "POST /api/v1/reviews HTTP/1.1" 500 32 "-" "PostmanRuntime/7.49.1"
::1 - - [14/Nov/2025:12:54:53 +0000] "POST /api/v1/reviews HTTP/1.1" 500 32 "-" "PostmanRuntime/7.49.1"
::1 - - [14/Nov/2025:12:55:21 +0000] "POST /api/v1/reviews HTTP/1.1" 500 32 "-" "PostmanRuntime/7.49.1"
::1 - - [14/Nov/2025:12:55:39 +0000] "POST /api/v1/reviews HTTP/1.1" 500 32 "-" "PostmanRuntime/7.49.1"
::1 - - [14/Nov/2025:12:56:28 +0000] "POST /api/v1/reviews HTTP/1.1" 404 37 "-" "PostmanRuntime/7.49.1"
::1 - - [14/Nov/2025:12:56:45 +0000] "POST /api/v1/reviews HTTP/1.1" 201 206 "-" "PostmanRuntime/7.49.1"
::1 - - [14/Nov/2025:13:07:45 +0000] "POST /api/v1/reviews HTTP/1.1" 500 75 "-" "PostmanRuntime/7.49.1"
::1 - - [14/Nov/2025:13:07:57 +0000] "POST /api/v1/reviews HTTP/1.1" 400 51 "-" "PostmanRuntime/7.49.1"
::1 - - [14/Nov/2025:13:11:46 +0000] "GET /api/v1/reviews HTTP/1.1" 200 291 "-" "PostmanRuntime/7.49.1"
::1 - - [14/Nov/2025:13:12:00 +0000] "GET /api/v1/reviews/6917270d65fd36bd85097280 HTTP/1.1" 404 541 "-" "PostmanRuntime/7.49.1"
::1 - - [14/Nov/2025:13:12:24 +0000] "GET /api/v1/reviews/6917270d65fd36bd85097280 HTTP/1.1" 200 288 "-" "PostmanRuntime/7.49.1"
::1 - - [14/Nov/2025:13:29:23 +0000] "DELETE /api/v1/reviews/6917270d65fd36bd85097280 HTTP/1.1" 404 32 "-" "PostmanRuntime/7.49.1"
::1 - - [14/Nov/2025:13:29:30 +0000] "GET /api/v1/reviews HTTP/1.1" 200 301 "-" "PostmanRuntime/7.49.1"
::1 - - [14/Nov/2025:13:29:40 +0000] "DELETE /api/v1/reviews/6917270d65fd36bd85097280 HTTP/1.1" 404 32 "-" "PostmanRuntime/7.49.1"
::1 - - [14/Nov/2025:13:31:56 +0000] "DELETE /api/v1/reviews/6917270d65fd36bd85097280 HTTP/1.1" 404 31 "-" "PostmanRuntime/7.49.1"
::1 - - [14/Nov/2025:13:32:03 +0000] "GET /api/v1/reviews HTTP/1.1" 200 301 "-" "PostmanRuntime/7.49.1"
::1 - - [14/Nov/2025:13:32:43 +0000] "DELETE /api/v1/reviews/6917270d65fd36bd85097280 HTTP/1.1" 404 31 "-" "PostmanRuntime/7.49.1"
::1 - - [14/Nov/2025:13:33:26 +0000] "DELETE /api/v1/reviews/6917270d65fd36bd85097280 HTTP/1.1" 404 31 "-" "PostmanRuntime/7.49.1"
::1 - - [14/Nov/2025:13:35:14 +0000] "DELETE /api/v1/reviews/6917270d65fd36bd85097280 HTTP/1.1" 200 39 "-" "PostmanRuntime/7.49.1"
::1 - - [14/Nov/2025:13:35:20 +0000] "GET /api/v1/reviews HTTP/1.1" 200 24 "-" "PostmanRuntime/7.49.1"
::1 - - [14/Nov/2025:13:35:50 +0000] "POST /api/v1/reviews HTTP/1.1" 201 206 "-" "PostmanRuntime/7.49.1"
::1 - - [14/Nov/2025:13:35:58 +0000] "GET /api/v1/reviews/6917270d65fd36bd85097280 HTTP/1.1" 404 33 "-" "PostmanRuntime/7.49.1"
::1 - - [14/Nov/2025:13:36:00 +0000] "GET /api/v1/reviews HTTP/1.1" 200 301 "-" "PostmanRuntime/7.49.1"
::1 - - [14/Nov/2025:13:36:07 +0000] "GET /api/v1/reviews/69173036e7722d6414f54008 HTTP/1.1" 200 288 "-" "PostmanRuntime/7.49.1"
::1 - - [14/Nov/2025:13:36:17 +0000] "PATCH /api/v1/reviews/69173036e7722d6414f54008 HTTP/1.1" - - "-" "PostmanRuntime/7.49.1"
::1 - - [14/Nov/2025:13:38:16 +0000] "GET /api/v1/reviews/69173036e7722d6414f54008 HTTP/1.1" 200 288 "-" "PostmanRuntime/7.49.1"
::1 - - [14/Nov/2025:13:38:42 +0000] "PATCH /api/v1/reviews/69173036e7722d6414f54008 HTTP/1.1" 400 57 "-" "PostmanRuntime/7.49.1"
::1 - - [14/Nov/2025:13:38:47 +0000] "PATCH /api/v1/reviews/69173036e7722d6414f54008 HTTP/1.1" 400 57 "-" "PostmanRuntime/7.49.1"
::1 - - [14/Nov/2025:13:39:47 +0000] "PATCH /api/v1/reviews/69173036e7722d6414f54008 HTTP/1.1" 200 343 "-" "PostmanRuntime/7.49.1"
::1 - - [14/Nov/2025:15:22:37 +0000] "GET /api/v1/reviews HTTP/1.1" 200 378 "-" "PostmanRuntime/7.49.1"
::1 - - [14/Nov/2025:15:23:51 +0000] "GET /api/v1/reviews HTTP/1.1" 200 403 "-" "PostmanRuntime/7.49.1"
::1 - - [15/Nov/2025:07:48:15 +0000] "GET /api/v1/products/1 HTTP/1.1" 404 49 "-" "PostmanRuntime/7.49.1"
::1 - - [15/Nov/2025:07:48:18 +0000] "GET /api/v1/products HTTP/1.1" 200 849 "-" "PostmanRuntime/7.49.1"
::1 - - [15/Nov/2025:07:48:25 +0000] "GET /api/v1/products/69171f1ec03a6e6fb01ca80c HTTP/1.1" 200 1153 "-" "PostmanRuntime/7.49.1"
::1 - - [15/Nov/2025:07:59:28 +0000] "GET /api/v1/products/1/reviews HTTP/1.1" 404 35 "-" "PostmanRuntime/7.49.1"
::1 - - [15/Nov/2025:07:59:39 +0000] "GET /api/v1/reviews HTTP/1.1" 200 435 "-" "PostmanRuntime/7.49.1"
::1 - - [15/Nov/2025:07:59:53 +0000] "GET /api/v1/products/69171f1ec03a6e6fb01ca80c/reviews HTTP/1.1" 200 2 "-" "PostmanRuntime/7.49.1"
::1 - - [15/Nov/2025:08:00:09 +0000] "GET /api/v1/products HTTP/1.1" 200 849 "-" "PostmanRuntime/7.49.1"
::1 - - [15/Nov/2025:08:00:42 +0000] "GET /api/v1/products/69171f1ec03a6e6fb01ca80c/reviews HTTP/1.1" 200 2 "-" "PostmanRuntime/7.49.1"
::1 - - [15/Nov/2025:08:00:46 +0000] "GET /api/v1/reviews HTTP/1.1" 200 435 "-" "PostmanRuntime/7.49.1"
::1 - - [15/Nov/2025:08:01:04 +0000] "GET /api/v1/products HTTP/1.1" 200 849 "-" "PostmanRuntime/7.49.1"
::1 - - [15/Nov/2025:08:02:35 +0000] "GET /api/v1/products HTTP/1.1" 200 817 "-" "PostmanRuntime/7.49.1"
::1 - - [15/Nov/2025:08:02:42 +0000] "GET /api/v1/products/69171f1ec03a6e6fb01ca80c/reviews HTTP/1.1" 200 2 "-" "PostmanRuntime/7.49.1"
::1 - - [15/Nov/2025:08:04:08 +0000] "GET /api/v1/products/69171f1ec03a6e6fb01ca80c/reviews HTTP/1.1" 200 2 "-" "PostmanRuntime/7.49.1"
::1 - - [15/Nov/2025:08:04:26 +0000] "GET /api/v1/products/69171f1ec03a6e6fb01ca80c/reviews HTTP/1.1" 200 4 "-" "PostmanRuntime/7.49.1"
::1 - - [15/Nov/2025:08:06:07 +0000] "GET /api/v1/products/69171f1ec03a6e6fb01ca80c/reviews HTTP/1.1" 200 296 "-" "PostmanRuntime/7.49.1"
::1 - - [15/Nov/2025:08:15:41 +0000] "GET /api/v1/reviews HTTP/1.1" 200 403 "-" "PostmanRuntime/7.49.1"
::1 - - [15/Nov/2025:08:16:00 +0000] "DELETE /api/v1/products/69171f1ec03a6e6fb01ca80c HTTP/1.1" 200 38 "-" "PostmanRuntime/7.49.1"
::1 - - [15/Nov/2025:08:16:06 +0000] "GET /api/v1/reviews HTTP/1.1" 200 321 "-" "PostmanRuntime/7.49.1"
::1 - - [15/Nov/2025:08:16:21 +0000] "GET /api/v1/reviews HTTP/1.1" 200 321 "-" "PostmanRuntime/7.49.1"
::1 - - [15/Nov/2025:08:18:16 +0000] "GET /api/v1/reviews HTTP/1.1" 200 321 "-" "PostmanRuntime/7.49.1"
::1 - - [15/Nov/2025:08:18:49 +0000] "GET /api/v1/reviews HTTP/1.1" 200 321 "-" "PostmanRuntime/7.49.1"
::1 - - [15/Nov/2025:08:19:16 +0000] "POST /api/v1/reviews HTTP/1.1" 404 33 "-" "PostmanRuntime/7.49.1"
::1 - - [15/Nov/2025:08:19:25 +0000] "POST /api/v1/reviews HTTP/1.1" 404 33 "-" "PostmanRuntime/7.49.1"
::1 - - [15/Nov/2025:08:19:34 +0000] "POST /api/v1/reviews HTTP/1.1" 404 33 "-" "PostmanRuntime/7.49.1"
::1 - - [15/Nov/2025:08:20:28 +0000] "POST /api/v1/products HTTP/1.1" 201 814 "-" "PostmanRuntime/7.49.1"
::1 - - [15/Nov/2025:08:20:39 +0000] "GET /api/v1/products HTTP/1.1" 200 817 "-" "PostmanRuntime/7.49.1"
::1 - - [15/Nov/2025:08:20:49 +0000] "POST /api/v1/reviews HTTP/1.1" 201 210 "-" "PostmanRuntime/7.49.1"
::1 - - [15/Nov/2025:08:21:32 +0000] "GET /api/v1/reviews HTTP/1.1" 200 688 "-" "PostmanRuntime/7.49.1"
::1 - - [15/Nov/2025:08:21:51 +0000] "DELETE /api/v1/products/691837cc738ac74c5a9d74bf HTTP/1.1" 200 38 "-" "PostmanRuntime/7.49.1"
::1 - - [15/Nov/2025:08:21:58 +0000] "GET /api/v1/reviews HTTP/1.1" 200 606 "-" "PostmanRuntime/7.49.1"
::1 - - [15/Nov/2025:09:15:39 +0000] "POST /api/v1/reviews HTTP/1.1" 404 33 "-" "PostmanRuntime/7.49.1"
::1 - - [15/Nov/2025:09:15:50 +0000] "GET /api/v1/products HTTP/1.1" 200 15 "-" "PostmanRuntime/7.49.1"
::1 - - [15/Nov/2025:09:26:29 +0000] "POST /api/v1/products HTTP/1.1" 201 846 "-" "PostmanRuntime/7.49.1"
::1 - - [15/Nov/2025:09:26:43 +0000] "GET /api/v1/products HTTP/1.1" 200 849 "-" "PostmanRuntime/7.49.1"
::1 - - [15/Nov/2025:09:27:04 +0000] "POST /api/v1/reviews HTTP/1.1" 404 33 "-" "PostmanRuntime/7.49.1"
::1 - - [15/Nov/2025:09:27:16 +0000] "POST /api/v1/reviews HTTP/1.1" 201 209 "-" "PostmanRuntime/7.49.1"
::1 - - [15/Nov/2025:09:27:30 +0000] "POST /api/v1/reviews HTTP/1.1" 400 51 "-" "PostmanRuntime/7.49.1"
::1 - - [15/Nov/2025:09:30:23 +0000] "POST /api/v1/auth/register HTTP/1.1" 400 123 "-" "PostmanRuntime/7.49.1"
::1 - - [15/Nov/2025:09:30:30 +0000] "POST /api/v1/auth/register HTTP/1.1" 201 75 "-" "PostmanRuntime/7.49.1"
::1 - - [15/Nov/2025:09:30:38 +0000] "POST /api/v1/auth/login HTTP/1.1" 200 75 "-" "PostmanRuntime/7.49.1"
::1 - - [15/Nov/2025:09:31:05 +0000] "POST /api/v1/reviews HTTP/1.1" 201 210 "-" "PostmanRuntime/7.49.1"
::1 - - [15/Nov/2025:09:31:13 +0000] "POST /api/v1/auth/login HTTP/1.1" 200 78 "-" "PostmanRuntime/7.49.1"
::1 - - [15/Nov/2025:09:31:26 +0000] "GET /api/v1/reviews HTTP/1.1" 200 760 "-" "PostmanRuntime/7.49.1"
::1 - - [15/Nov/2025:10:12:58 +0000] "GET /api/v1/orders HTTP/1.1" 200 13 "-" "PostmanRuntime/7.49.1"
::1 - - [15/Nov/2025:11:07:16 +0000] "GET /api/v1/products HTTP/1.1" 200 849 "-" "PostmanRuntime/7.49.1"
::1 - - [15/Nov/2025:11:07:49 +0000] "POST /api/v1/products HTTP/1.1" 201 831 "-" "PostmanRuntime/7.49.1"
::1 - - [15/Nov/2025:11:07:53 +0000] "GET /api/v1/products HTTP/1.1" 200 1669 "-" "PostmanRuntime/7.49.1"
::1 - - [15/Nov/2025:11:09:08 +0000] "GET /api/v1/products HTTP/1.1" 200 1669 "-" "PostmanRuntime/7.49.1"
::1 - - [15/Nov/2025:11:13:32 +0000] "POST /api/v1/orders HTTP/1.1" - - "-" "PostmanRuntime/7.49.1"
::1 - - [15/Nov/2025:11:14:45 +0000] "POST /api/v1/orders HTTP/1.1" - - "-" "PostmanRuntime/7.49.1"
::1 - - [15/Nov/2025:11:15:26 +0000] "POST /api/v1/orders HTTP/1.1" 201 23 "-" "PostmanRuntime/7.49.1"
::1 - - [15/Nov/2025:11:15:50 +0000] "POST /api/v1/orders HTTP/1.1" 201 23 "-" "PostmanRuntime/7.49.1"
::1 - - [15/Nov/2025:11:17:12 +0000] "POST /api/v1/orders HTTP/1.1" 500 64 "-" "PostmanRuntime/7.49.1"
::1 - - [15/Nov/2025:11:17:42 +0000] "POST /api/v1/orders HTTP/1.1" 500 59 "-" "PostmanRuntime/7.49.1"
::1 - - [15/Nov/2025:11:18:56 +0000] "POST /api/v1/orders HTTP/1.1" 201 23 "-" "PostmanRuntime/7.49.1"
::1 - - [15/Nov/2025:11:20:07 +0000] "POST /api/v1/orders HTTP/1.1" 201 23 "-" "PostmanRuntime/7.49.1"
::1 - - [15/Nov/2025:11:20:58 +0000] "POST /api/v1/orders HTTP/1.1" 201 23 "-" "PostmanRuntime/7.49.1"
::1 - - [15/Nov/2025:11:38:23 +0000] "POST /api/v1/orders HTTP/1.1" 400 32 "-" "PostmanRuntime/7.49.1"
::1 - - [15/Nov/2025:11:38:58 +0000] "POST /api/v1/orders HTTP/1.1" 400 32 "-" "PostmanRuntime/7.49.1"
::1 - - [15/Nov/2025:11:39:45 +0000] "POST /api/v1/orders HTTP/1.1" 400 32 "-" "PostmanRuntime/7.49.1"
::1 - - [15/Nov/2025:11:41:18 +0000] "POST /api/v1/orders HTTP/1.1" 400 32 "-" "PostmanRuntime/7.49.1"
::1 - - [15/Nov/2025:11:42:01 +0000] "POST /api/v1/orders HTTP/1.1" 400 91 "-" "PostmanRuntime/7.49.1"
::1 - - [15/Nov/2025:11:42:22 +0000] "POST /api/v1/orders HTTP/1.1" 400 42 "-" "PostmanRuntime/7.49.1"
::1 - - [15/Nov/2025:11:42:50 +0000] "POST /api/v1/orders HTTP/1.1" 201 692 "-" "PostmanRuntime/7.49.1"
